[2017-08-08 14:09:19] GF_LOGGER.INFO: user loged in: 11 [] []
[2017-08-08 14:10:13] GF_LOGGER.INFO: user loged in: 11 [] []
[2017-08-08 14:12:39] GF_LOGGER.INFO: user loged in... {"userID":11} []
[2017-08-08 14:15:29] GF_LOGGER.INFO: user loged in... {"userID":11} []
[2017-08-08 14:21:18] GF_LOGGER.INFO: user loged in... {"userID":11} []
[2017-08-08 14:24:45] GF_LOGGER.INFO: user loged in... {"userID":11} []
[2017-08-16 18:04:05] GF_LOGGER.INFO: user loged in... {"userID":11} []
[2017-08-16 18:56:40] GF_LOGGER.INFO: user loged in... {"userID":11} []
[2017-08-16 18:58:11] GF_LOGGER.INFO: user loged in... {"userID":11} []
[2017-08-16 18:58:26] GF_LOGGER.INFO: user loged in... {"userID":11} []
[2017-08-16 18:58:59] GF_LOGGER.INFO: user loged in... {"userID":11} []
[2017-08-16 20:27:11] GF_LOGGER.INFO: user loged in... {"userID":11} []
[2017-08-16 20:28:21] GF_LOGGER.INFO: user loged in... {"userID":11} []
[2017-08-16 20:29:05] GF_LOGGER.INFO: user loged in... {"userID":11} []
[2017-08-16 20:30:47] GF_LOGGER.INFO: user loged in... {"userID":11} []
[2017-08-16 20:32:44] GF_LOGGER.INFO: user loged in... {"userID":11} []
[2017-08-17 11:59:24] GF_LOGGER.INFO: user loged in... {"userID":11} []
[2017-08-17 20:28:29] GF_LOGGER.INFO: user loged in... {"userID":11} []
[2017-08-17 21:44:00] GF_LOGGER.INFO: user loged in... {"userID":11} []
[2017-08-28 10:51:32] GF_LOGGER.INFO: user loged in {"userID":11} []
[2017-08-28 10:52:42] GF_LOGGER.INFO: user loged in {"userID":11} []
[2017-08-28 10:53:52] GF_LOGGER.INFO: user loged in {"userID":11} []
[2017-08-28 10:54:15] GF_LOGGER.INFO: user loged in {"userID":11} []
[2017-08-28 10:57:14] GF_LOGGER.INFO: Login fail {"user":"admin"} []
[2017-08-28 10:57:17] GF_LOGGER.INFO: Login fail {"user":"admin"} []
[2017-08-28 10:57:18] GF_LOGGER.INFO: Login fail {"user":"admin"} []
[2017-08-28 10:57:20] GF_LOGGER.INFO: Login fail {"user":"admin"} []
[2017-08-28 10:57:21] GF_LOGGER.INFO: Login fail {"user":"admin"} []
[2017-08-28 10:57:22] GF_LOGGER.INFO: Login fail {"user":"admin"} []
[2017-08-28 10:57:24] GF_LOGGER.INFO: Login fail {"user":"admin"} []
[2017-08-30 12:35:29] GF_LOGGER.INFO: Login fail {"user":"admin"} []
[2017-08-30 12:35:41] GF_LOGGER.INFO: Login fail {"user":"qwer"} []
